app/build/intermediates/manifest_merge_blame_file/debug/processDebugMainManifest/manifest-merger-blame-debug-report.txt
1<?xml version="1.0" encoding="utf-8"?>
2<manifest xmlns:android="http://schemas.android.com/apk/res/android"
3    package="com.synthbyte.scanmate.debug"
4    android:versionCode="5"
5    android:versionName="1.5.0-debug" >
6
7    <uses-sdk
8        android:minSdkVersion="26"
9        android:targetSdkVersion="35" />
10
11    <uses-permission android:name="android.permission.INTERNET" />
11-->src/main/AndroidManifest.xml:5:5-67
11-->src/main/AndroidManifest.xml:5:22-64
12    <uses-permission android:name="android.permission.ACCESS_NETWORK_STATE" />
12-->src/main/AndroidManifest.xml:6:5-79
12-->src/main/AndroidManifest.xml:6:22-76
13    <uses-permission android:name="android.permission.CAMERA" />
13-->src/main/AndroidManifest.xml:7:5-65
13-->src/main/AndroidManifest.xml:7:22-62
14    <uses-permission android:name="android.permission.USE_BIOMETRIC" />
14-->src/main/AndroidManifest.xml:8:5-72
14-->src/main/AndroidManifest.xml:8:22-69
15    <uses-permission android:name="android.permission.USE_FINGERPRINT" />
15-->src/main/AndroidManifest.xml:9:5-74
15-->src/main/AndroidManifest.xml:9:22-71
16
17    <uses-feature
17-->src/main/AndroidManifest.xml:10:5-85
18        android:name="android.hardware.camera"
18-->src/main/AndroidManifest.xml:10:19-57
19        android:required="false" />
19-->src/main/AndroidManifest.xml:10:58-82
20
21    <permission
21-->[androidx.core:core:1.15.0] AndroidManifest.xml:22:5-24:47
22        android:name="com.synthbyte.scanmate.debug.DYNAMIC_RECEIVER_NOT_EXPORTED_PERMISSION"
22-->[androidx.core:core:1.15.0] AndroidManifest.xml:23:9-81
23        android:protectionLevel="signature" />
23-->[androidx.core:core:1.15.0] AndroidManifest.xml:24:9-44
24
25    <uses-permission android:name="com.synthbyte.scanmate.debug.DYNAMIC_RECEIVER_NOT_EXPORTED_PERMISSION" />
25-->[androidx.core:core:1.15.0] AndroidManifest.xml:26:5-97
25-->[androidx.core:core:1.15.0] AndroidManifest.xml:26:22-94
26
27    <application
27-->src/main/AndroidManifest.xml:12:5-88:19
28        android:name="com.synthbyte.scanmate.ScanMateApplication"
28-->src/main/AndroidManifest.xml:13:9-44
29        android:allowBackup="true"
29-->src/main/AndroidManifest.xml:14:9-35
30        android:appComponentFactory="androidx.core.app.CoreComponentFactory"
30-->[androidx.core:core:1.15.0] AndroidManifest.xml:28:18-86
31        android:dataExtractionRules="@xml/data_extraction_rules"
31-->src/main/AndroidManifest.xml:15:9-65
32        android:debuggable="true"
33        android:extractNativeLibs="false"
34        android:fullBackupContent="@xml/backup_rules"
34-->src/main/AndroidManifest.xml:16:9-54
35        android:hardwareAccelerated="true"
35-->src/main/AndroidManifest.xml:17:9-43
36        android:icon="@mipmap/ic_launcher"
36-->src/main/AndroidManifest.xml:18:9-43
37        android:label="@string/app_name"
37-->src/main/AndroidManifest.xml:19:9-41
38        android:networkSecurityConfig="@xml/network_security_config"
38-->src/main/AndroidManifest.xml:20:9-69
39        android:roundIcon="@mipmap/ic_launcher_round"
39-->src/main/AndroidManifest.xml:21:9-54
40        android:supportsRtl="true"
40-->src/main/AndroidManifest.xml:22:9-35
41        android:theme="@style/Theme.ScanMate"
41-->src/main/AndroidManifest.xml:23:9-46
42        android:usesCleartextTraffic="false" >
42-->src/main/AndroidManifest.xml:24:9-45
43        <meta-data
43-->src/main/AndroidManifest.xml:26:9-28:43
44            android:name="com.google.mlkit.vision.DEPENDENCIES"
44-->src/main/AndroidManifest.xml:27:13-64
45            android:value="ocr,barcode" />
45-->src/main/AndroidManifest.xml:28:13-40
46
47        <provider
48            android:name="androidx.core.content.FileProvider"
48-->src/main/AndroidManifest.xml:32:13-62
49            android:authorities="com.synthbyte.scanmate.debug.fileprovider"
49-->src/main/AndroidManifest.xml:33:13-64
50            android:exported="false"
50-->src/main/AndroidManifest.xml:34:13-37
51            android:grantUriPermissions="true" >
51-->src/main/AndroidManifest.xml:35:13-47
52            <meta-data
52-->src/main/AndroidManifest.xml:36:13-38:54
53                android:name="android.support.FILE_PROVIDER_PATHS"
53-->src/main/AndroidManifest.xml:37:17-67
54                android:resource="@xml/file_paths" />
54-->src/main/AndroidManifest.xml:38:17-51
55        </provider>
56
57        <receiver
57-->src/main/AndroidManifest.xml:42:9-51:20
58            android:name="com.synthbyte.scanmate.widgets.QuickScanWidgetProvider"
58-->src/main/AndroidManifest.xml:43:13-60
59            android:exported="true" >
59-->src/main/AndroidManifest.xml:44:13-36
60            <intent-filter>
60-->src/main/AndroidManifest.xml:45:13-47:29
61                <action android:name="android.appwidget.action.APPWIDGET_UPDATE" />
61-->src/main/AndroidManifest.xml:46:17-84
61-->src/main/AndroidManifest.xml:46:25-81
62            </intent-filter>
63
64            <meta-data
64-->src/main/AndroidManifest.xml:48:13-50:66
65                android:name="android.appwidget.provider"
65-->src/main/AndroidManifest.xml:49:17-58
66                android:resource="@xml/quick_scan_widget_info" />
66-->src/main/AndroidManifest.xml:50:17-63
67        </receiver>
68        <receiver
68-->src/main/AndroidManifest.xml:53:9-62:20
69            android:name="com.synthbyte.scanmate.widgets.RecentDocumentWidgetProvider"
69-->src/main/AndroidManifest.xml:54:13-65
70            android:exported="true" >
70-->src/main/AndroidManifest.xml:55:13-36
71            <intent-filter>
71-->src/main/AndroidManifest.xml:45:13-47:29
72                <action android:name="android.appwidget.action.APPWIDGET_UPDATE" />
72-->src/main/AndroidManifest.xml:46:17-84
72-->src/main/AndroidManifest.xml:46:25-81
73            </intent-filter>
74
75            <meta-data
75-->src/main/AndroidManifest.xml:48:13-50:66
76                android:name="android.appwidget.provider"
76-->src/main/AndroidManifest.xml:49:17-58
77                android:resource="@xml/recent_document_widget_info" />
77-->src/main/AndroidManifest.xml:50:17-63
78        </receiver>
79        <receiver
79-->src/main/AndroidManifest.xml:64:9-73:20
80            android:name="com.synthbyte.scanmate.widgets.AiActionWidgetProvider"
80-->src/main/AndroidManifest.xml:65:13-59
81            android:exported="true" >
81-->src/main/AndroidManifest.xml:66:13-36
82            <intent-filter>
82-->src/main/AndroidManifest.xml:45:13-47:29
83                <action android:name="android.appwidget.action.APPWIDGET_UPDATE" />
83-->src/main/AndroidManifest.xml:46:17-84
83-->src/main/AndroidManifest.xml:46:25-81
84            </intent-filter>
85
86            <meta-data
86-->src/main/AndroidManifest.xml:48:13-50:66
87                android:name="android.appwidget.provider"
87-->src/main/AndroidManifest.xml:49:17-58
88                android:resource="@xml/ai_action_widget_info" />
88-->src/main/AndroidManifest.xml:50:17-63
89        </receiver>
90
91        <activity
91-->src/main/AndroidManifest.xml:75:9-87:20
92            android:name="com.synthbyte.scanmate.MainActivity"
92-->src/main/AndroidManifest.xml:76:13-41
93            android:configChanges="orientation|screenSize|keyboardHidden"
93-->src/main/AndroidManifest.xml:77:13-74
94            android:enableOnBackInvokedCallback="true"
94-->src/main/AndroidManifest.xml:78:13-55
95            android:exported="true"
95-->src/main/AndroidManifest.xml:80:13-36
96            android:label="@string/app_name"
96-->src/main/AndroidManifest.xml:81:13-45
97            android:resizeableActivity="true"
97-->src/main/AndroidManifest.xml:79:13-46
98            android:theme="@style/Theme.ScanMate" >
98-->src/main/AndroidManifest.xml:82:13-50
99            <intent-filter>
99-->src/main/AndroidManifest.xml:83:13-86:29
100                <action android:name="android.intent.action.MAIN" />
100-->src/main/AndroidManifest.xml:84:17-69
100-->src/main/AndroidManifest.xml:84:25-66
101
102                <category android:name="android.intent.category.LAUNCHER" />
102-->src/main/AndroidManifest.xml:85:17-77
102-->src/main/AndroidManifest.xml:85:27-74
103            </intent-filter>
104        </activity>
105        <activity
105-->[androidx.compose.ui:ui-tooling-android:1.7.6] AndroidManifest.xml:23:9-25:39
106            android:name="androidx.compose.ui.tooling.PreviewActivity"
106-->[androidx.compose.ui:ui-tooling-android:1.7.6] AndroidManifest.xml:24:13-71
107            android:exported="true" />
107-->[androidx.compose.ui:ui-tooling-android:1.7.6] AndroidManifest.xml:25:13-36
108        <activity
108-->[androidx.compose.ui:ui-test-manifest:1.7.6] AndroidManifest.xml:23:9-25:39
109            android:name="androidx.activity.ComponentActivity"
109-->[androidx.compose.ui:ui-test-manifest:1.7.6] AndroidManifest.xml:24:13-63
110            android:exported="true" />
110-->[androidx.compose.ui:ui-test-manifest:1.7.6] AndroidManifest.xml:25:13-36
111
112        <service
112-->[androidx.camera:camera-camera2:1.4.1] AndroidManifest.xml:24:9-33:19
113            android:name="androidx.camera.core.impl.MetadataHolderService"
113-->[androidx.camera:camera-camera2:1.4.1] AndroidManifest.xml:25:13-75
114            android:enabled="false"
114-->[androidx.camera:camera-camera2:1.4.1] AndroidManifest.xml:26:13-36
115            android:exported="false" >
115-->[androidx.camera:camera-camera2:1.4.1] AndroidManifest.xml:27:13-37
116            <meta-data
116-->[androidx.camera:camera-camera2:1.4.1] AndroidManifest.xml:30:13-32:89
117                android:name="androidx.camera.core.impl.MetadataHolderService.DEFAULT_CONFIG_PROVIDER"
117-->[androidx.camera:camera-camera2:1.4.1] AndroidManifest.xml:31:17-103
118                android:value="androidx.camera.camera2.Camera2Config$DefaultProvider" />
118-->[androidx.camera:camera-camera2:1.4.1] AndroidManifest.xml:32:17-86
119        </service>
120        <service
120-->[com.google.android.gms:play-services-mlkit-barcode-scanning:18.3.0] AndroidManifest.xml:9:9-15:19
121            android:name="com.google.mlkit.common.internal.MlKitComponentDiscoveryService"
121-->[com.google.android.gms:play-services-mlkit-barcode-scanning:18.3.0] AndroidManifest.xml:10:13-91
122            android:directBootAware="true"
122-->[com.google.mlkit:common:18.9.0] AndroidManifest.xml:17:13-43
123            android:exported="false" >
123-->[com.google.android.gms:play-services-mlkit-barcode-scanning:18.3.0] AndroidManifest.xml:11:13-37
124            <meta-data
124-->[com.google.android.gms:play-services-mlkit-barcode-scanning:18.3.0] AndroidManifest.xml:12:13-14:85
125                android:name="com.google.firebase.components:com.google.mlkit.vision.barcode.internal.BarcodeRegistrar"
125-->[com.google.android.gms:play-services-mlkit-barcode-scanning:18.3.0] AndroidManifest.xml:13:17-120
126                android:value="com.google.firebase.components.ComponentRegistrar" />
126-->[com.google.android.gms:play-services-mlkit-barcode-scanning:18.3.0] AndroidManifest.xml:14:17-82
127            <meta-data
127-->[com.google.android.gms:play-services-mlkit-text-recognition-common:19.0.0] AndroidManifest.xml:12:13-14:85
128                android:name="com.google.firebase.components:com.google.mlkit.vision.text.internal.TextRegistrar"
128-->[com.google.android.gms:play-services-mlkit-text-recognition-common:19.0.0] AndroidManifest.xml:13:17-114
129                android:value="com.google.firebase.components.ComponentRegistrar" />
129-->[com.google.android.gms:play-services-mlkit-text-recognition-common:19.0.0] AndroidManifest.xml:14:17-82
130            <meta-data
130-->[com.google.mlkit:vision-common:17.3.0] AndroidManifest.xml:12:13-14:85
131                android:name="com.google.firebase.components:com.google.mlkit.vision.common.internal.VisionCommonRegistrar"
131-->[com.google.mlkit:vision-common:17.3.0] AndroidManifest.xml:13:17-124
132                android:value="com.google.firebase.components.ComponentRegistrar" />
132-->[com.google.mlkit:vision-common:17.3.0] AndroidManifest.xml:14:17-82
133            <meta-data
133-->[com.google.mlkit:common:18.9.0] AndroidManifest.xml:20:13-22:85
134                android:name="com.google.firebase.components:com.google.mlkit.common.internal.CommonComponentRegistrar"
134-->[com.google.mlkit:common:18.9.0] AndroidManifest.xml:21:17-120
135                android:value="com.google.firebase.components.ComponentRegistrar" />
135-->[com.google.mlkit:common:18.9.0] AndroidManifest.xml:22:17-82
136        </service>
137
138        <provider
138-->[com.google.mlkit:common:18.9.0] AndroidManifest.xml:9:9-13:38
139            android:name="com.google.mlkit.common.internal.MlKitInitProvider"
139-->[com.google.mlkit:common:18.9.0] AndroidManifest.xml:10:13-78
140            android:authorities="com.synthbyte.scanmate.debug.mlkitinitprovider"
140-->[com.google.mlkit:common:18.9.0] AndroidManifest.xml:11:13-69
141            android:exported="false"
141-->[com.google.mlkit:common:18.9.0] AndroidManifest.xml:12:13-37
142            android:initOrder="99" />
142-->[com.google.mlkit:common:18.9.0] AndroidManifest.xml:13:13-35
143
144        <activity
144-->[com.google.android.gms:play-services-base:18.1.0] AndroidManifest.xml:20:9-22:45
145            android:name="com.google.android.gms.common.api.GoogleApiActivity"
145-->[com.google.android.gms:play-services-base:18.1.0] AndroidManifest.xml:20:19-85
146            android:exported="false"
146-->[com.google.android.gms:play-services-base:18.1.0] AndroidManifest.xml:22:19-43
147            android:theme="@android:style/Theme.Translucent.NoTitleBar" />
147-->[com.google.android.gms:play-services-base:18.1.0] AndroidManifest.xml:21:19-78
148
149        <meta-data
149-->[com.google.android.gms:play-services-basement:18.1.0] AndroidManifest.xml:21:9-23:69
150            android:name="com.google.android.gms.version"
150-->[com.google.android.gms:play-services-basement:18.1.0] AndroidManifest.xml:22:13-58
151            android:value="@integer/google_play_services_version" />
151-->[com.google.android.gms:play-services-basement:18.1.0] AndroidManifest.xml:23:13-66
152
153        <provider
153-->[androidx.emoji2:emoji2:1.3.0] AndroidManifest.xml:24:9-32:20
154            android:name="androidx.startup.InitializationProvider"
154-->[androidx.emoji2:emoji2:1.3.0] AndroidManifest.xml:25:13-67
155            android:authorities="com.synthbyte.scanmate.debug.androidx-startup"
155-->[androidx.emoji2:emoji2:1.3.0] AndroidManifest.xml:26:13-68
156            android:exported="false" >
156-->[androidx.emoji2:emoji2:1.3.0] AndroidManifest.xml:27:13-37
157            <meta-data
157-->[androidx.emoji2:emoji2:1.3.0] AndroidManifest.xml:29:13-31:52
158                android:name="androidx.emoji2.text.EmojiCompatInitializer"
158-->[androidx.emoji2:emoji2:1.3.0] AndroidManifest.xml:30:17-75
159                android:value="androidx.startup" />
159-->[androidx.emoji2:emoji2:1.3.0] AndroidManifest.xml:31:17-49
160            <meta-data
160-->[androidx.lifecycle:lifecycle-process:2.8.7] AndroidManifest.xml:29:13-31:52
161                android:name="androidx.lifecycle.ProcessLifecycleInitializer"
161-->[androidx.lifecycle:lifecycle-process:2.8.7] AndroidManifest.xml:30:17-78
162                android:value="androidx.startup" />
162-->[androidx.lifecycle:lifecycle-process:2.8.7] AndroidManifest.xml:31:17-49
163            <meta-data
163-->[androidx.profileinstaller:profileinstaller:1.3.1] AndroidManifest.xml:29:13-31:52
164                android:name="androidx.profileinstaller.ProfileInstallerInitializer"
164-->[androidx.profileinstaller:profileinstaller:1.3.1] AndroidManifest.xml:30:17-85
165                android:value="androidx.startup" />
165-->[androidx.profileinstaller:profileinstaller:1.3.1] AndroidManifest.xml:31:17-49
166        </provider>
167
168        <service
168-->[androidx.room:room-runtime:2.6.1] AndroidManifest.xml:24:9-28:63
169            android:name="androidx.room.MultiInstanceInvalidationService"
169-->[androidx.room:room-runtime:2.6.1] AndroidManifest.xml:25:13-74
170            android:directBootAware="true"
170-->[androidx.room:room-runtime:2.6.1] AndroidManifest.xml:26:13-43
171            android:exported="false" />
171-->[androidx.room:room-runtime:2.6.1] AndroidManifest.xml:27:13-37
172
173        <receiver
173-->[androidx.profileinstaller:profileinstaller:1.3.1] AndroidManifest.xml:34:9-52:20
174            android:name="androidx.profileinstaller.ProfileInstallReceiver"
174-->[androidx.profileinstaller:profileinstaller:1.3.1] AndroidManifest.xml:35:13-76
175            android:directBootAware="false"
175-->[androidx.profileinstaller:profileinstaller:1.3.1] AndroidManifest.xml:36:13-44
176            android:enabled="true"
176-->[androidx.profileinstaller:profileinstaller:1.3.1] AndroidManifest.xml:37:13-35
177            android:exported="true"
177-->[androidx.profileinstaller:profileinstaller:1.3.1] AndroidManifest.xml:38:13-36
178            android:permission="android.permission.DUMP" >
178-->[androidx.profileinstaller:profileinstaller:1.3.1] AndroidManifest.xml:39:13-57
179            <intent-filter>
179-->[androidx.profileinstaller:profileinstaller:1.3.1] AndroidManifest.xml:40:13-42:29
180                <action android:name="androidx.profileinstaller.action.INSTALL_PROFILE" />
180-->[androidx.profileinstaller:profileinstaller:1.3.1] AndroidManifest.xml:41:17-91
180-->[androidx.profileinstaller:profileinstaller:1.3.1] AndroidManifest.xml:41:25-88
181            </intent-filter>
182            <intent-filter>
182-->[androidx.profileinstaller:profileinstaller:1.3.1] AndroidManifest.xml:43:13-45:29
183                <action android:name="androidx.profileinstaller.action.SKIP_FILE" />
183-->[androidx.profileinstaller:profileinstaller:1.3.1] AndroidManifest.xml:44:17-85
183-->[androidx.profileinstaller:profileinstaller:1.3.1] AndroidManifest.xml:44:25-82
184            </intent-filter>
185            <intent-filter>
185-->[androidx.profileinstaller:profileinstaller:1.3.1] AndroidManifest.xml:46:13-48:29
186                <action android:name="androidx.profileinstaller.action.SAVE_PROFILE" />
186-->[androidx.profileinstaller:profileinstaller:1.3.1] AndroidManifest.xml:47:17-88
186-->[androidx.profileinstaller:profileinstaller:1.3.1] AndroidManifest.xml:47:25-85
187            </intent-filter>
188            <intent-filter>
188-->[androidx.profileinstaller:profileinstaller:1.3.1] AndroidManifest.xml:49:13-51:29
189                <action android:name="androidx.profileinstaller.action.BENCHMARK_OPERATION" />
189-->[androidx.profileinstaller:profileinstaller:1.3.1] AndroidManifest.xml:50:17-95
189-->[androidx.profileinstaller:profileinstaller:1.3.1] AndroidManifest.xml:50:25-92
190            </intent-filter>
191        </receiver>
192
193        <service
193-->[com.google.android.datatransport:transport-backend-cct:2.3.3] AndroidManifest.xml:29:9-35:19
194            android:name="com.google.android.datatransport.runtime.backends.TransportBackendDiscovery"
194-->[com.google.android.datatransport:transport-backend-cct:2.3.3] AndroidManifest.xml:30:13-103
195            android:exported="false" >
195-->[com.google.android.datatransport:transport-backend-cct:2.3.3] AndroidManifest.xml:31:13-37
196            <meta-data
196-->[com.google.android.datatransport:transport-backend-cct:2.3.3] AndroidManifest.xml:32:13-34:39
197                android:name="backend:com.google.android.datatransport.cct.CctBackendFactory"
197-->[com.google.android.datatransport:transport-backend-cct:2.3.3] AndroidManifest.xml:33:17-94
198                android:value="cct" />
198-->[com.google.android.datatransport:transport-backend-cct:2.3.3] AndroidManifest.xml:34:17-36
199        </service>
200        <service
200-->[com.google.android.datatransport:transport-runtime:2.2.6] AndroidManifest.xml:26:9-30:19
201            android:name="com.google.android.datatransport.runtime.scheduling.jobscheduling.JobInfoSchedulerService"
201-->[com.google.android.datatransport:transport-runtime:2.2.6] AndroidManifest.xml:27:13-117
202            android:exported="false"
202-->[com.google.android.datatransport:transport-runtime:2.2.6] AndroidManifest.xml:28:13-37
203            android:permission="android.permission.BIND_JOB_SERVICE" >
203-->[com.google.android.datatransport:transport-runtime:2.2.6] AndroidManifest.xml:29:13-69
204        </service>
205
206        <receiver
206-->[com.google.android.datatransport:transport-runtime:2.2.6] AndroidManifest.xml:32:9-34:40
207            android:name="com.google.android.datatransport.runtime.scheduling.jobscheduling.AlarmManagerSchedulerBroadcastReceiver"
207-->[com.google.android.datatransport:transport-runtime:2.2.6] AndroidManifest.xml:33:13-132
208            android:exported="false" />
208-->[com.google.android.datatransport:transport-runtime:2.2.6] AndroidManifest.xml:34:13-37
209    </application>
210
211</manifest>